20241028 21:53:03 ERROR [main] examples.LogTests LogTests.java55 - test completed with failure
20241028 21:53:03 DEBUG [main] examples.LogTests LogTests.java66 - test started
20241028 21:53:03 DEBUG [main] examples.LogTests LogTests.java73 - driver strated
20241028 23:17:18 INFO  [main] base.BaseFirebase BaseFirebase.java21 - *********************setUpBeforeMethod**************************
20241028 23:17:28 INFO  [main] base.BaseTest BaseTest.java58 - https://qa-tekarch.firebaseapp.com/is entered
20241028 23:17:34 INFO  [main] base.BaseTest BaseTest.java305 - data is entered in the username
20241028 23:17:34 INFO  [main] base.BaseTest BaseTest.java305 - data is entered in the password
20241028 23:17:34 INFO  [main] base.BaseTest BaseTest.java316 - login button button is clicked
20241028 23:17:36 INFO  [main] base.BaseTest BaseTest.java518 - switched to an alert
20241028 23:17:36 INFO  [main] base.BaseTest BaseTest.java524 - extracting text in the alert
20241028 23:17:36 ERROR [main] base.BaseTest BaseTest.java526 -  text extracted from alert box is == Error : The password is invalid or the user does not have a password.
20241028 23:17:36 INFO  [main] base.BaseTest BaseTest.java534 - Alert accepted
20241028 23:17:36 INFO  [main] tests.AutomationScripts AutomationScripts.java50 - passed
20241028 23:17:40 INFO  [main] base.BaseFirebase BaseFirebase.java36 - ****************tearDownAfterTestMethod*******************
20241028 23:17:40 INFO  [main] base.BaseFirebase BaseFirebase.java21 - *********************setUpBeforeMethod**************************
20241028 23:17:50 INFO  [main] base.BaseTest BaseTest.java58 - https://qa-tekarch.firebaseapp.com/is entered
20241028 23:17:56 INFO  [main] base.BaseTest BaseTest.java305 - data is entered in the username
20241028 23:17:56 INFO  [main] base.BaseTest BaseTest.java305 - data is entered in the password
20241028 23:17:56 INFO  [main] base.BaseTest BaseTest.java316 - login button button is clicked
20241028 23:18:05 INFO  [main] base.BaseFirebase BaseFirebase.java36 - ****************tearDownAfterTestMethod*******************
20241029 00:06:51 INFO  [main] base.BaseFirebase BaseFirebase.java21 - *********************setUpBeforeMethod**************************
20241029 00:07:01 INFO  [main] base.BaseTest BaseTest.java60 - https://qa-tekarch.firebaseapp.com/is entered
20241029 00:07:06 INFO  [main] base.BaseTest BaseTest.java368 - data is entered in the username
20241029 00:07:06 INFO  [main] base.BaseTest BaseTest.java368 - data is entered in the password
20241029 00:07:06 INFO  [main] base.BaseTest BaseTest.java379 - login button button is clicked
20241029 00:07:08 INFO  [main] base.BaseTest BaseTest.java581 - switched to an alert
20241029 00:07:08 INFO  [main] base.BaseTest BaseTest.java587 - extracting text in the alert
20241029 00:07:08 ERROR [main] base.BaseTest BaseTest.java589 -  text extracted from alert box is == Error : The password is invalid or the user does not have a password.
20241029 00:07:08 INFO  [main] base.BaseTest BaseTest.java597 - Alert accepted
20241029 00:07:08 INFO  [main] tests.AutomationScripts AutomationScripts.java50 - passed
20241029 00:07:12 INFO  [main] base.BaseFirebase BaseFirebase.java36 - ****************tearDownAfterTestMethod*******************
20241029 00:07:12 INFO  [main] base.BaseFirebase BaseFirebase.java21 - *********************setUpBeforeMethod**************************
20241029 00:07:20 INFO  [main] base.BaseTest BaseTest.java60 - https://qa-tekarch.firebaseapp.com/is entered
20241029 00:07:25 INFO  [main] base.BaseTest BaseTest.java368 - data is entered in the username
20241029 00:07:25 INFO  [main] base.BaseTest BaseTest.java368 - data is entered in the password
20241029 00:07:25 INFO  [main] base.BaseTest BaseTest.java379 - login button button is clicked
20241029 00:07:34 INFO  [main] base.BaseFirebase BaseFirebase.java36 - ****************tearDownAfterTestMethod*******************
20241029 00:45:24 ERROR [main] examples.LogTests LogTests.java55 - test completed with failure
20241029 00:53:06 ERROR [main] examples.LogTests LogTests.java55 - test completed with failure
20241029 00:57:27 INFO  [main] base.BaseTest BaseTest.java60 - https://login.salesforce.com/is entered
20241029 00:57:32 INFO  [main] base.BaseTest BaseTest.java368 - data is entered in the username
20241029 00:57:32 INFO  [main] base.BaseTest BaseTest.java368 - data is entered in the password
20241029 00:57:33 INFO  [main] base.BaseTest BaseTest.java379 - login button is clicked
20241029 01:55:54 INFO  [main] utility.FirebaseListenerUtility FirebaseListenerUtility.java22 - FirebaseLoginTest started...............
20241029 01:55:54 INFO  [main] base.BaseFirebase BaseFirebase.java21 - *********************setUpBeforeMethod**************************
20241029 01:56:04 INFO  [main] base.BaseTest BaseTest.java62 - https://qa-tekarch.firebaseapp.com/is entered
20241029 01:56:09 INFO  [main] utility.FirebaseListenerUtility FirebaseListenerUtility.java36 - invalid_password_login started..................
20241029 01:56:10 INFO  [main] base.BaseTest BaseTest.java370 - data is entered in the username
20241029 01:56:10 INFO  [main] base.BaseTest BaseTest.java370 - data is entered in the password
20241029 01:56:10 INFO  [main] base.BaseTest BaseTest.java383 - login button button is clicked
20241029 01:56:12 INFO  [main] base.BaseTest BaseTest.java585 - switched to an alert
20241029 01:56:12 INFO  [main] base.BaseTest BaseTest.java591 - extracting text in the alert
20241029 01:56:12 ERROR [main] base.BaseTest BaseTest.java593 -  text extracted from alert box is == Error : The password is invalid or the user does not have a password.
20241029 01:56:12 INFO  [main] base.BaseTest BaseTest.java601 - Alert accepted
20241029 01:56:12 INFO  [main] tests.AutomationScripts AutomationScripts.java50 - alert box closed and test completed
20241029 01:56:12 INFO  [main] utility.FirebaseListenerUtility FirebaseListenerUtility.java42 - invalid_password_login ended with success......................
20241029 01:56:15 INFO  [main] base.BaseFirebase BaseFirebase.java36 - ****************tearDownAfterTestMethod*******************
20241029 01:56:15 INFO  [main] base.BaseFirebase BaseFirebase.java21 - *********************setUpBeforeMethod**************************
20241029 01:56:22 INFO  [main] base.BaseTest BaseTest.java62 - https://qa-tekarch.firebaseapp.com/is entered
20241029 01:56:27 INFO  [main] utility.FirebaseListenerUtility FirebaseListenerUtility.java36 - valid_login started..................
20241029 01:56:27 INFO  [main] base.BaseTest BaseTest.java370 - data is entered in the username
20241029 01:56:28 INFO  [main] base.BaseTest BaseTest.java370 - data is entered in the password
20241029 01:56:28 INFO  [main] base.BaseTest BaseTest.java383 - login button button is clicked
20241029 01:56:33 INFO  [main] utility.FirebaseListenerUtility FirebaseListenerUtility.java42 - valid_login ended with success......................
20241029 01:56:36 INFO  [main] base.BaseFirebase BaseFirebase.java36 - ****************tearDownAfterTestMethod*******************
20241029 01:56:36 INFO  [main] utility.FirebaseListenerUtility FirebaseListenerUtility.java28 - FirebaseLoginTest ended.................
20241101 19:31:15 INFO  [main] base.BaseFirebase BaseFirebase.java21 - *********************setUpBeforeMethod**************************
20241101 19:31:24 INFO  [main] base.BaseTest BaseTest.java62 - https://qa-tekarch.firebaseapp.com/is entered
20241101 19:31:29 INFO  [main] base.BaseTest BaseTest.java370 - data is entered in the username
20241101 19:31:33 INFO  [main] base.BaseFirebase BaseFirebase.java36 - ****************tearDownAfterTestMethod*******************
20241104 01:30:56 INFO  [main] base.BaseFirebase BaseFirebase.java21 - *********************setUpBeforeMethod**************************
20241104 01:31:07 INFO  [main] base.BaseTest BaseTest.java62 - https://qa-tekarch.firebaseapp.com/is entered
20241104 01:31:17 INFO  [main] base.BaseFirebase BaseFirebase.java36 - ****************tearDownAfterTestMethod*******************
20241104 13:54:12 INFO  [main] base.BaseTest BaseTest.java46 - *********************setUpBeforeMethod**************************
20241104 13:54:21 INFO  [main] base.BaseTest BaseTest.java88 - https://qa-tekarch.firebaseapp.com/is entered
20241104 13:54:27 INFO  [main] base.BasePage BasePage.java303 - data is entered in the username filed
20241104 13:54:30 INFO  [main] base.BaseTest BaseTest.java61 - ****************tearDownAfterTestMethod*******************
20241104 13:59:22 INFO  [main] utility.FirebaseListenerUtility FirebaseListenerUtility.java22 - Default test started...............
20241104 13:59:22 INFO  [main] base.BaseTest BaseTest.java46 - *********************setUpBeforeMethod**************************
20241104 13:59:31 INFO  [main] base.BaseTest BaseTest.java88 - https://qa-tekarch.firebaseapp.com/is entered
20241104 13:59:36 INFO  [main] utility.FirebaseListenerUtility FirebaseListenerUtility.java36 - valid_login started..................
20241104 13:59:37 INFO  [main] base.BasePage BasePage.java303 - data is entered in the username filed
20241104 13:59:37 INFO  [main] base.BasePage BasePage.java303 - data is entered in the password filed
20241104 13:59:37 INFO  [main] base.BasePage BasePage.java316 - loginButton button is clicked
20241104 13:59:37 ERROR [main] base.BasePage BasePage.java602 - Error: student registration text area
20241104 13:59:37 ERROR [main] utility.FirebaseListenerUtility FirebaseListenerUtility.java48 - valid_login ended with failure.....................
20241104 13:59:37 ERROR [main] utility.FirebaseListenerUtility FirebaseListenerUtility.java48 - valid_login ended with failure.....................
20241104 13:59:37 INFO  [main] utility.FirebaseListenerUtility FirebaseListenerUtility.java28 - Default test ended.................
20241104 14:05:06 INFO  [main] utility.FirebaseListenerUtility FirebaseListenerUtility.java22 - Default test started...............
20241104 14:05:07 INFO  [main] base.BaseTest BaseTest.java46 - *********************setUpBeforeMethod**************************
20241104 14:05:17 INFO  [main] base.BaseTest BaseTest.java88 - https://qa-tekarch.firebaseapp.com/is entered
20241104 14:05:22 INFO  [main] utility.FirebaseListenerUtility FirebaseListenerUtility.java36 - valid_login started..................
20241104 14:05:22 INFO  [main] base.BasePage BasePage.java303 - data is entered in the username filed
20241104 14:05:22 INFO  [main] base.BasePage BasePage.java303 - data is entered in the password filed
20241104 14:05:22 INFO  [main] base.BasePage BasePage.java316 - loginButton button is clicked
20241104 14:05:22 ERROR [main] base.BasePage BasePage.java602 - Error: student registration text area
20241104 14:05:22 ERROR [main] utility.FirebaseListenerUtility FirebaseListenerUtility.java48 - valid_login ended with failure.....................
20241104 14:05:22 ERROR [main] utility.FirebaseListenerUtility FirebaseListenerUtility.java48 - valid_login ended with failure.....................
20241104 14:05:22 INFO  [main] utility.FirebaseListenerUtility FirebaseListenerUtility.java28 - Default test ended.................
20241104 17:37:32 INFO  [main] utility.FirebaseListenerUtility FirebaseListenerUtility.java22 - Default test started...............
20241104 17:37:32 INFO  [main] base.BaseTest BaseTest.java46 - *********************setUpBeforeMethod**************************
20241104 17:38:00 INFO  [main] base.BaseTest BaseTest.java88 - https://qa-tekarch.firebaseapp.com/is entered
20241104 17:38:05 INFO  [main] utility.FirebaseListenerUtility FirebaseListenerUtility.java36 - valid_login started..................
20241104 17:38:05 INFO  [main] base.BasePage BasePage.java303 - data is entered in the username filed
20241104 17:38:05 INFO  [main] base.BasePage BasePage.java303 - data is entered in the password filed
20241104 17:38:05 INFO  [main] base.BasePage BasePage.java316 - loginButton button is clicked
20241104 17:38:05 INFO  [main] base.BasePage BasePage.java621 - Element is not displayed.
20241104 17:38:05 ERROR [main] utility.FirebaseListenerUtility FirebaseListenerUtility.java48 - valid_login ended with failure.....................
20241104 17:38:09 INFO  [main] base.BaseTest BaseTest.java61 - ****************tearDownAfterTestMethod*******************
20241104 17:38:09 INFO  [main] utility.FirebaseListenerUtility FirebaseListenerUtility.java28 - Default test ended.................
20241104 17:39:49 INFO  [main] utility.FirebaseListenerUtility FirebaseListenerUtility.java22 - Default test started...............
20241104 17:39:50 INFO  [main] base.BaseTest BaseTest.java46 - *********************setUpBeforeMethod**************************
20241104 17:39:56 INFO  [main] base.BaseTest BaseTest.java88 - https://qa-tekarch.firebaseapp.com/is entered
20241104 17:40:01 INFO  [main] utility.FirebaseListenerUtility FirebaseListenerUtility.java36 - valid_login started..................
20241104 17:40:02 INFO  [main] base.BasePage BasePage.java303 - data is entered in the username filed
20241104 17:40:02 INFO  [main] base.BasePage BasePage.java303 - data is entered in the password filed
20241104 17:40:02 INFO  [main] base.BasePage BasePage.java316 - loginButton button is clicked
20241104 17:40:02 INFO  [main] base.BasePage BasePage.java621 - Element is not displayed.
20241104 17:40:02 ERROR [main] utility.FirebaseListenerUtility FirebaseListenerUtility.java48 - valid_login ended with failure.....................
20241104 17:40:06 INFO  [main] base.BaseTest BaseTest.java61 - ****************tearDownAfterTestMethod*******************
20241104 17:40:06 INFO  [main] utility.FirebaseListenerUtility FirebaseListenerUtility.java28 - Default test ended.................
20241104 17:41:25 INFO  [main] utility.FirebaseListenerUtility FirebaseListenerUtility.java22 - Default test started...............
20241104 17:41:26 INFO  [main] base.BaseTest BaseTest.java46 - *********************setUpBeforeMethod**************************
20241104 17:41:37 INFO  [main] base.BaseTest BaseTest.java88 - https://qa-tekarch.firebaseapp.com/is entered
20241104 17:41:42 INFO  [main] utility.FirebaseListenerUtility FirebaseListenerUtility.java36 - valid_login started..................
20241104 17:41:42 INFO  [main] base.BasePage BasePage.java303 - data is entered in the username filed
20241104 17:41:42 INFO  [main] base.BasePage BasePage.java303 - data is entered in the password filed
20241104 17:41:42 INFO  [main] base.BasePage BasePage.java316 - loginButton button is clicked
20241104 17:41:42 INFO  [main] base.BasePage BasePage.java621 - Element is not displayed.
20241104 17:41:42 ERROR [main] utility.FirebaseListenerUtility FirebaseListenerUtility.java48 - valid_login ended with failure.....................
20241104 17:41:46 INFO  [main] base.BaseTest BaseTest.java61 - ****************tearDownAfterTestMethod*******************
20241104 17:41:46 INFO  [main] utility.FirebaseListenerUtility FirebaseListenerUtility.java28 - Default test ended.................
20241104 17:42:34 INFO  [main] utility.FirebaseListenerUtility FirebaseListenerUtility.java22 - Default test started...............
20241104 17:42:35 INFO  [main] base.BaseTest BaseTest.java46 - *********************setUpBeforeMethod**************************
20241104 17:42:42 INFO  [main] base.BaseTest BaseTest.java88 - https://qa-tekarch.firebaseapp.com/is entered
20241104 17:42:47 INFO  [main] utility.FirebaseListenerUtility FirebaseListenerUtility.java36 - valid_login started..................
20241104 17:42:47 INFO  [main] base.BasePage BasePage.java303 - data is entered in the username filed
20241104 17:42:47 INFO  [main] base.BasePage BasePage.java303 - data is entered in the password filed
20241104 17:42:48 INFO  [main] base.BasePage BasePage.java316 - loginButton button is clicked
20241104 17:42:48 INFO  [main] base.BasePage BasePage.java621 - Element is not displayed.
20241104 17:42:48 ERROR [main] utility.FirebaseListenerUtility FirebaseListenerUtility.java48 - valid_login ended with failure.....................
20241104 17:42:51 INFO  [main] base.BaseTest BaseTest.java61 - ****************tearDownAfterTestMethod*******************
20241104 17:42:51 INFO  [main] utility.FirebaseListenerUtility FirebaseListenerUtility.java28 - Default test ended.................
20241104 17:45:55 INFO  [main] utility.FirebaseListenerUtility FirebaseListenerUtility.java22 - Default test started...............
20241104 17:45:56 INFO  [main] base.BaseTest BaseTest.java46 - *********************setUpBeforeMethod**************************
20241104 17:46:04 INFO  [main] base.BaseTest BaseTest.java88 - https://qa-tekarch.firebaseapp.com/is entered
20241104 17:46:09 INFO  [main] utility.FirebaseListenerUtility FirebaseListenerUtility.java36 - valid_login started..................
20241104 17:46:09 INFO  [main] base.BasePage BasePage.java303 - data is entered in the username filed
20241104 17:46:09 INFO  [main] base.BasePage BasePage.java303 - data is entered in the password filed
20241104 17:46:09 INFO  [main] base.BasePage BasePage.java316 - loginButton button is clicked
20241104 17:46:09 INFO  [main] base.BasePage BasePage.java621 - Element is not displayed.
20241104 17:46:09 ERROR [main] utility.FirebaseListenerUtility FirebaseListenerUtility.java48 - valid_login ended with failure.....................
20241104 17:46:13 INFO  [main] base.BaseTest BaseTest.java61 - ****************tearDownAfterTestMethod*******************
20241104 17:46:13 INFO  [main] utility.FirebaseListenerUtility FirebaseListenerUtility.java28 - Default test ended.................
20241104 21:59:32 INFO  [main] utility.FirebaseListenerUtility FirebaseListenerUtility.java22 - Default test started...............
20241104 21:59:33 INFO  [main] base.BaseTest BaseTest.java46 - *********************setUpBeforeMethod**************************
20241104 21:59:42 INFO  [main] base.BaseTest BaseTest.java88 - https://qa-tekarch.firebaseapp.com/is entered
20241104 21:59:47 INFO  [main] utility.FirebaseListenerUtility FirebaseListenerUtility.java36 - valid_login started..................
20241104 21:59:48 INFO  [main] base.BasePage BasePage.java303 - data is entered in the username filed
20241104 21:59:48 INFO  [main] base.BasePage BasePage.java303 - data is entered in the password filed
20241104 21:59:48 INFO  [main] base.BasePage BasePage.java316 - loginButton button is clicked
20241104 21:59:48 INFO  [main] base.BasePage BasePage.java622 - Element is not displayed.
20241104 21:59:48 ERROR [main] utility.FirebaseListenerUtility FirebaseListenerUtility.java48 - valid_login ended with failure.....................
20241104 21:59:52 INFO  [main] base.BaseTest BaseTest.java61 - ****************tearDownAfterTestMethod*******************
20241104 21:59:52 INFO  [main] utility.FirebaseListenerUtility FirebaseListenerUtility.java28 - Default test ended.................
20241104 22:02:00 INFO  [main] utility.FirebaseListenerUtility FirebaseListenerUtility.java22 - FirebaseLoginTest started...............
20241104 22:02:01 INFO  [main] base.BaseTest BaseTest.java46 - *********************setUpBeforeMethod**************************
20241104 22:02:07 INFO  [main] base.BaseTest BaseTest.java88 - https://qa-tekarch.firebaseapp.com/is entered
20241104 22:02:12 INFO  [main] utility.FirebaseListenerUtility FirebaseListenerUtility.java36 - invalid_password_login started..................
20241104 22:02:12 ERROR [main] base.BasePage BasePage.java307 - username filed textbox is not diplayed
20241104 22:02:12 ERROR [main] base.BasePage BasePage.java307 - password filed textbox is not diplayed
20241104 22:02:13 ERROR [main] utility.FirebaseListenerUtility FirebaseListenerUtility.java48 - invalid_password_login ended with failure.....................
20241104 22:02:16 INFO  [main] base.BaseTest BaseTest.java61 - ****************tearDownAfterTestMethod*******************
20241104 22:02:16 INFO  [main] base.BaseTest BaseTest.java46 - *********************setUpBeforeMethod**************************
20241104 22:02:24 INFO  [main] base.BaseTest BaseTest.java88 - https://qa-tekarch.firebaseapp.com/is entered
20241104 22:02:29 INFO  [main] utility.FirebaseListenerUtility FirebaseListenerUtility.java36 - valid_login started..................
20241104 22:02:29 INFO  [main] base.BasePage BasePage.java303 - data is entered in the username filed
20241104 22:02:29 INFO  [main] base.BasePage BasePage.java303 - data is entered in the password filed
20241104 22:02:30 INFO  [main] base.BasePage BasePage.java316 - loginButton button is clicked
20241104 22:02:30 INFO  [main] base.BasePage BasePage.java622 - Element is not displayed.
20241104 22:02:30 ERROR [main] utility.FirebaseListenerUtility FirebaseListenerUtility.java48 - valid_login ended with failure.....................
20241104 22:02:33 INFO  [main] base.BaseTest BaseTest.java61 - ****************tearDownAfterTestMethod*******************
20241104 22:02:33 INFO  [main] utility.FirebaseListenerUtility FirebaseListenerUtility.java28 - FirebaseLoginTest ended.................
20241104 22:10:09 INFO  [main] utility.FirebaseListenerUtility FirebaseListenerUtility.java22 - FirebaseLoginTest started...............
20241104 22:10:10 INFO  [main] base.BaseTest BaseTest.java46 - *********************setUpBeforeMethod**************************
20241104 22:10:18 INFO  [main] base.BaseTest BaseTest.java88 - https://qa-tekarch.firebaseapp.com/is entered
20241104 22:10:23 INFO  [main] utility.FirebaseListenerUtility FirebaseListenerUtility.java36 - invalid_password_login started..................
20241104 22:10:23 INFO  [main] base.BasePage BasePage.java303 - data is entered in the username filed
20241104 22:10:24 INFO  [main] base.BasePage BasePage.java303 - data is entered in the password filed
20241104 22:10:24 INFO  [main] base.BasePage BasePage.java316 - loginButton button is clicked
20241104 22:10:24 INFO  [main] base.BasePage BasePage.java642 - error loginalert boxwaiting for visibility for maximum of 30sec
20241104 22:10:24 INFO  [main] base.BasePage BasePage.java519 - switched to an alert
20241104 22:10:24 INFO  [main] base.BasePage BasePage.java525 - extracting text in the alert
20241104 22:10:24 ERROR [main] base.BasePage BasePage.java527 -  text extracted from alert box is == Error : The password is invalid or the user does not have a password.
20241104 22:10:24 INFO  [main] base.BasePage BasePage.java535 - Alert accepted
20241104 22:10:24 INFO  [main] utility.FirebaseListenerUtility FirebaseListenerUtility.java42 - invalid_password_login ended with success......................
20241104 22:10:28 INFO  [main] base.BaseTest BaseTest.java61 - ****************tearDownAfterTestMethod*******************
20241104 22:10:28 INFO  [main] base.BaseTest BaseTest.java46 - *********************setUpBeforeMethod**************************
20241104 22:10:35 INFO  [main] base.BaseTest BaseTest.java88 - https://qa-tekarch.firebaseapp.com/is entered
20241104 22:10:40 INFO  [main] utility.FirebaseListenerUtility FirebaseListenerUtility.java36 - valid_login started..................
20241104 22:10:41 INFO  [main] base.BasePage BasePage.java303 - data is entered in the username filed
20241104 22:10:41 INFO  [main] base.BasePage BasePage.java303 - data is entered in the password filed
20241104 22:10:41 INFO  [main] base.BasePage BasePage.java316 - loginButton button is clicked
20241104 22:10:41 INFO  [main] base.BasePage BasePage.java622 - Element is not displayed.
20241104 22:10:41 ERROR [main] utility.FirebaseListenerUtility FirebaseListenerUtility.java48 - valid_login ended with failure.....................
20241104 22:10:41 INFO  [main] base.BaseTest BaseTest.java133 - screen captured
20241104 22:10:45 INFO  [main] base.BaseTest BaseTest.java61 - ****************tearDownAfterTestMethod*******************
20241104 22:10:45 INFO  [main] utility.FirebaseListenerUtility FirebaseListenerUtility.java28 - FirebaseLoginTest ended.................
20241105 01:24:33 INFO  [main] utility.FirebaseListenerUtility FirebaseListenerUtility.java22 - FirebaseLoginTest started...............
20241105 01:24:34 INFO  [main] base.BaseTest BaseTest.java46 - *********************setUpBeforeMethod**************************
20241105 01:24:47 INFO  [main] base.BaseTest BaseTest.java88 - https://qa-tekarch.firebaseapp.com/is entered
20241105 01:24:52 INFO  [main] utility.FirebaseListenerUtility FirebaseListenerUtility.java36 - invalid_password_login started..................
20241105 01:24:53 INFO  [main] base.BasePage BasePage.java303 - data is entered in the username filed
20241105 01:24:53 INFO  [main] base.BasePage BasePage.java303 - data is entered in the password filed
20241105 01:24:53 INFO  [main] base.BasePage BasePage.java316 - loginButton button is clicked
20241105 01:24:53 INFO  [main] base.BasePage BasePage.java642 - error loginalert boxwaiting for visibility for maximum of 30sec
20241105 01:24:54 INFO  [main] base.BasePage BasePage.java519 - switched to an alert
20241105 01:24:54 INFO  [main] base.BasePage BasePage.java525 - extracting text in the alert
20241105 01:24:54 ERROR [main] base.BasePage BasePage.java527 -  text extracted from alert box is == Error : The password is invalid or the user does not have a password.
20241105 01:24:54 INFO  [main] base.BasePage BasePage.java535 - Alert accepted
20241105 01:24:54 INFO  [main] utility.FirebaseListenerUtility FirebaseListenerUtility.java42 - invalid_password_login ended with success......................
20241105 01:24:58 INFO  [main] base.BaseTest BaseTest.java61 - ****************tearDownAfterTestMethod*******************
20241105 01:24:58 INFO  [main] base.BaseTest BaseTest.java46 - *********************setUpBeforeMethod**************************
20241105 01:25:07 INFO  [main] base.BaseTest BaseTest.java88 - https://qa-tekarch.firebaseapp.com/is entered
20241105 01:25:12 INFO  [main] utility.FirebaseListenerUtility FirebaseListenerUtility.java36 - valid_login started..................
20241105 01:25:13 INFO  [main] base.BasePage BasePage.java303 - data is entered in the username filed
20241105 01:25:13 INFO  [main] base.BasePage BasePage.java303 - data is entered in the password filed
20241105 01:25:13 INFO  [main] base.BasePage BasePage.java316 - loginButton button is clicked
20241105 01:25:13 INFO  [main] base.BasePage BasePage.java622 - Element is not displayed.
20241105 01:25:13 ERROR [main] utility.FirebaseListenerUtility FirebaseListenerUtility.java48 - valid_login ended with failure.....................
20241105 01:25:14 INFO  [main] base.BaseTest BaseTest.java133 - screen captured
20241105 01:25:18 INFO  [main] base.BaseTest BaseTest.java61 - ****************tearDownAfterTestMethod*******************
20241105 01:25:18 INFO  [main] utility.FirebaseListenerUtility FirebaseListenerUtility.java28 - FirebaseLoginTest ended.................
20241105 01:28:39 INFO  [main] utility.FirebaseListenerUtility FirebaseListenerUtility.java22 - FirebaseLoginTest started...............
20241105 01:28:39 INFO  [main] base.BaseTest BaseTest.java46 - *********************setUpBeforeMethod**************************
20241105 01:28:46 INFO  [main] base.BaseTest BaseTest.java88 - https://qa-tekarch.firebaseapp.com/is entered
20241105 01:28:51 INFO  [main] utility.FirebaseListenerUtility FirebaseListenerUtility.java36 - invalid_password_login started..................
20241105 01:28:52 INFO  [main] base.BasePage BasePage.java303 - data is entered in the username filed
20241105 01:28:52 INFO  [main] base.BasePage BasePage.java303 - data is entered in the password filed
20241105 01:28:52 INFO  [main] base.BasePage BasePage.java316 - loginButton button is clicked
20241105 01:28:52 INFO  [main] base.BasePage BasePage.java642 - error loginalert boxwaiting for visibility for maximum of 30sec
20241105 01:28:53 INFO  [main] base.BasePage BasePage.java519 - switched to an alert
20241105 01:28:53 INFO  [main] base.BasePage BasePage.java525 - extracting text in the alert
20241105 01:28:53 ERROR [main] base.BasePage BasePage.java527 -  text extracted from alert box is == Error : The password is invalid or the user does not have a password.
20241105 01:28:53 INFO  [main] base.BasePage BasePage.java535 - Alert accepted
20241105 01:28:53 INFO  [main] utility.FirebaseListenerUtility FirebaseListenerUtility.java42 - invalid_password_login ended with success......................
20241105 01:28:56 INFO  [main] base.BaseTest BaseTest.java61 - ****************tearDownAfterTestMethod*******************
20241105 01:28:56 INFO  [main] base.BaseTest BaseTest.java46 - *********************setUpBeforeMethod**************************
20241105 01:29:02 INFO  [main] base.BaseTest BaseTest.java88 - https://qa-tekarch.firebaseapp.com/is entered
20241105 01:29:07 INFO  [main] utility.FirebaseListenerUtility FirebaseListenerUtility.java36 - valid_login started..................
20241105 01:29:08 INFO  [main] base.BasePage BasePage.java303 - data is entered in the username filed
20241105 01:29:08 INFO  [main] base.BasePage BasePage.java303 - data is entered in the password filed
20241105 01:29:08 INFO  [main] base.BasePage BasePage.java316 - loginButton button is clicked
20241105 01:29:08 INFO  [main] base.BasePage BasePage.java622 - Element is not displayed.
20241105 01:29:08 ERROR [main] utility.FirebaseListenerUtility FirebaseListenerUtility.java48 - valid_login ended with failure.....................
20241105 01:29:08 INFO  [main] base.BaseTest BaseTest.java133 - screen captured
20241105 01:29:12 INFO  [main] base.BaseTest BaseTest.java61 - ****************tearDownAfterTestMethod*******************
20241105 01:29:12 INFO  [main] utility.FirebaseListenerUtility FirebaseListenerUtility.java28 - FirebaseLoginTest ended.................
20241105 01:31:20 INFO  [main] utility.FirebaseListenerUtility FirebaseListenerUtility.java22 - Default test started...............
20241105 01:31:20 INFO  [main] base.BaseTest BaseTest.java46 - *********************setUpBeforeMethod**************************
20241105 01:31:29 INFO  [main] base.BaseTest BaseTest.java88 - https://qa-tekarch.firebaseapp.com/is entered
20241105 01:31:34 INFO  [main] utility.FirebaseListenerUtility FirebaseListenerUtility.java36 - valid_login started..................
20241105 01:31:35 INFO  [main] base.BasePage BasePage.java303 - data is entered in the username filed
20241105 01:31:35 INFO  [main] base.BasePage BasePage.java303 - data is entered in the password filed
20241105 01:31:35 INFO  [main] base.BasePage BasePage.java316 - loginButton button is clicked
20241105 01:31:35 INFO  [main] base.BasePage BasePage.java622 - Element is not displayed.
20241105 01:31:35 INFO  [main] utility.FirebaseListenerUtility FirebaseListenerUtility.java42 - valid_login ended with success......................
20241105 01:31:38 INFO  [main] base.BaseTest BaseTest.java61 - ****************tearDownAfterTestMethod*******************
20241105 01:31:38 INFO  [main] utility.FirebaseListenerUtility FirebaseListenerUtility.java28 - Default test ended.................
20241105 01:32:24 INFO  [main] utility.FirebaseListenerUtility FirebaseListenerUtility.java22 - FirebaseLoginTest started...............
20241105 01:32:24 INFO  [main] base.BaseTest BaseTest.java46 - *********************setUpBeforeMethod**************************
20241105 01:32:31 INFO  [main] base.BaseTest BaseTest.java88 - https://qa-tekarch.firebaseapp.com/is entered
20241105 01:32:36 INFO  [main] utility.FirebaseListenerUtility FirebaseListenerUtility.java36 - invalid_password_login started..................
20241105 01:32:37 INFO  [main] base.BasePage BasePage.java303 - data is entered in the username filed
20241105 01:32:37 INFO  [main] base.BasePage BasePage.java303 - data is entered in the password filed
20241105 01:32:37 INFO  [main] base.BasePage BasePage.java316 - loginButton button is clicked
20241105 01:32:37 INFO  [main] base.BasePage BasePage.java642 - error loginalert boxwaiting for visibility for maximum of 30sec
20241105 01:32:38 INFO  [main] base.BasePage BasePage.java519 - switched to an alert
20241105 01:32:38 INFO  [main] base.BasePage BasePage.java525 - extracting text in the alert
20241105 01:32:38 ERROR [main] base.BasePage BasePage.java527 -  text extracted from alert box is == Error : The password is invalid or the user does not have a password.
20241105 01:32:38 INFO  [main] base.BasePage BasePage.java535 - Alert accepted
20241105 01:32:38 INFO  [main] utility.FirebaseListenerUtility FirebaseListenerUtility.java42 - invalid_password_login ended with success......................
20241105 01:32:41 INFO  [main] base.BaseTest BaseTest.java61 - ****************tearDownAfterTestMethod*******************
20241105 01:32:41 INFO  [main] base.BaseTest BaseTest.java46 - *********************setUpBeforeMethod**************************
20241105 01:32:48 INFO  [main] base.BaseTest BaseTest.java88 - https://qa-tekarch.firebaseapp.com/is entered
20241105 01:32:53 INFO  [main] utility.FirebaseListenerUtility FirebaseListenerUtility.java36 - valid_login started..................
20241105 01:32:54 INFO  [main] base.BasePage BasePage.java303 - data is entered in the username filed
20241105 01:32:54 INFO  [main] base.BasePage BasePage.java303 - data is entered in the password filed
20241105 01:32:54 INFO  [main] base.BasePage BasePage.java316 - loginButton button is clicked
20241105 01:32:54 INFO  [main] base.BasePage BasePage.java622 - Element is not displayed.
20241105 01:32:54 INFO  [main] utility.FirebaseListenerUtility FirebaseListenerUtility.java42 - valid_login ended with success......................
20241105 01:32:58 INFO  [main] base.BaseTest BaseTest.java61 - ****************tearDownAfterTestMethod*******************
20241105 01:32:58 INFO  [main] utility.FirebaseListenerUtility FirebaseListenerUtility.java28 - FirebaseLoginTest ended.................
20241105 01:38:24 INFO  [main] utility.FirebaseListenerUtility FirebaseListenerUtility.java22 - FirebaseLoginTest started...............
20241105 01:38:25 INFO  [main] base.BaseTest BaseTest.java46 - *********************setUpBeforeMethod**************************
20241105 01:38:33 INFO  [main] base.BaseTest BaseTest.java88 - https://qa-tekarch.firebaseapp.com/is entered
20241105 01:38:38 INFO  [main] utility.FirebaseListenerUtility FirebaseListenerUtility.java36 - invalid_password_login started..................
20241105 01:38:39 INFO  [main] base.BasePage BasePage.java303 - data is entered in the username filed
20241105 01:38:39 INFO  [main] base.BasePage BasePage.java303 - data is entered in the password filed
20241105 01:38:40 INFO  [main] base.BasePage BasePage.java316 - loginButton button is clicked
20241105 01:38:40 INFO  [main] base.BasePage BasePage.java642 - error loginalert boxwaiting for visibility for maximum of 30sec
20241105 01:38:40 INFO  [main] base.BasePage BasePage.java519 - switched to an alert
20241105 01:38:40 INFO  [main] base.BasePage BasePage.java525 - extracting text in the alert
20241105 01:38:40 ERROR [main] base.BasePage BasePage.java527 -  text extracted from alert box is == Error : The password is invalid or the user does not have a password.
20241105 01:38:40 INFO  [main] base.BasePage BasePage.java535 - Alert accepted
20241105 01:38:40 INFO  [main] utility.FirebaseListenerUtility FirebaseListenerUtility.java42 - invalid_password_login ended with success......................
20241105 01:38:43 INFO  [main] base.BaseTest BaseTest.java61 - ****************tearDownAfterTestMethod*******************
20241105 01:38:43 INFO  [main] base.BaseTest BaseTest.java46 - *********************setUpBeforeMethod**************************
20241105 01:38:51 INFO  [main] base.BaseTest BaseTest.java88 - https://qa-tekarch.firebaseapp.com/is entered
20241105 01:38:56 INFO  [main] utility.FirebaseListenerUtility FirebaseListenerUtility.java36 - valid_login started..................
20241105 01:38:56 INFO  [main] base.BasePage BasePage.java303 - data is entered in the username filed
20241105 01:38:57 INFO  [main] base.BasePage BasePage.java303 - data is entered in the password filed
20241105 01:38:57 INFO  [main] base.BasePage BasePage.java316 - loginButton button is clicked
20241105 01:38:57 INFO  [main] base.BasePage BasePage.java622 - Element is not displayed.
20241105 01:38:57 INFO  [main] utility.FirebaseListenerUtility FirebaseListenerUtility.java42 - valid_login ended with success......................
20241105 01:39:00 INFO  [main] base.BaseTest BaseTest.java61 - ****************tearDownAfterTestMethod*******************
20241105 01:39:00 INFO  [main] utility.FirebaseListenerUtility FirebaseListenerUtility.java28 - FirebaseLoginTest ended.................
20241107 00:41:14 INFO  [main] utility.FirebaseListenerUtility FirebaseListenerUtility.java22 - FirebaseLoginTest started...............
20241107 00:41:15 INFO  [main] base.BaseTest BaseTest.java46 - *********************setUpBeforeMethod**************************
20241107 00:41:38 INFO  [main] base.BaseTest BaseTest.java88 - https://qa-tekarch.firebaseapp.com/is entered
20241107 00:41:43 INFO  [main] utility.FirebaseListenerUtility FirebaseListenerUtility.java36 - invalid_password_login started..................
20241107 00:41:44 INFO  [main] base.BasePage BasePage.java303 - data is entered in the username filed
20241107 00:41:44 INFO  [main] base.BasePage BasePage.java303 - data is entered in the password filed
20241107 00:41:44 INFO  [main] base.BasePage BasePage.java316 - loginButton button is clicked
20241107 00:41:44 INFO  [main] base.BasePage BasePage.java642 - error loginalert boxwaiting for visibility for maximum of 30sec
20241107 00:41:45 INFO  [main] base.BasePage BasePage.java519 - switched to an alert
20241107 00:41:45 INFO  [main] base.BasePage BasePage.java525 - extracting text in the alert
20241107 00:41:45 ERROR [main] base.BasePage BasePage.java527 -  text extracted from alert box is == Error : The password is invalid or the user does not have a password.
20241107 00:41:45 INFO  [main] base.BasePage BasePage.java535 - Alert accepted
20241107 00:41:45 INFO  [main] utility.FirebaseListenerUtility FirebaseListenerUtility.java42 - invalid_password_login ended with success......................
20241107 00:41:49 INFO  [main] base.BaseTest BaseTest.java61 - ****************tearDownAfterTestMethod*******************
20241107 00:41:49 INFO  [main] base.BaseTest BaseTest.java46 - *********************setUpBeforeMethod**************************
20241107 00:41:57 INFO  [main] base.BaseTest BaseTest.java88 - https://qa-tekarch.firebaseapp.com/is entered
20241107 00:42:02 INFO  [main] utility.FirebaseListenerUtility FirebaseListenerUtility.java36 - valid_login started..................
20241107 00:42:02 INFO  [main] base.BasePage BasePage.java303 - data is entered in the username filed
20241107 00:42:02 INFO  [main] base.BasePage BasePage.java303 - data is entered in the password filed
20241107 00:42:03 INFO  [main] base.BasePage BasePage.java316 - loginButton button is clicked
20241107 00:42:03 INFO  [main] base.BasePage BasePage.java622 - Element is not displayed.
20241107 00:42:03 INFO  [main] utility.FirebaseListenerUtility FirebaseListenerUtility.java42 - valid_login ended with success......................
20241107 00:42:06 INFO  [main] base.BaseTest BaseTest.java61 - ****************tearDownAfterTestMethod*******************
20241107 00:42:06 INFO  [main] utility.FirebaseListenerUtility FirebaseListenerUtility.java28 - FirebaseLoginTest ended.................
20241107 00:55:42 INFO  [main] utility.FirebaseListenerUtility FirebaseListenerUtility.java22 - FirebaseLoginTest started...............
20241107 00:55:42 INFO  [main] base.BaseTest BaseTest.java46 - *********************setUpBeforeMethod**************************
20241107 00:55:51 INFO  [main] base.BaseTest BaseTest.java88 - https://qa-tekarch.firebaseapp.com/is entered
20241107 00:55:56 INFO  [main] utility.FirebaseListenerUtility FirebaseListenerUtility.java36 - invalid_password_login started..................
20241107 00:55:56 INFO  [main] base.BasePage BasePage.java303 - data is entered in the username filed
20241107 00:55:56 INFO  [main] base.BasePage BasePage.java303 - data is entered in the password filed
20241107 00:55:56 INFO  [main] base.BasePage BasePage.java316 - loginButton button is clicked
20241107 00:55:56 INFO  [main] base.BasePage BasePage.java642 - error loginalert boxwaiting for visibility for maximum of 30sec
20241107 00:55:57 INFO  [main] base.BasePage BasePage.java519 - switched to an alert
20241107 00:55:57 INFO  [main] base.BasePage BasePage.java525 - extracting text in the alert
20241107 00:55:57 ERROR [main] base.BasePage BasePage.java527 -  text extracted from alert box is == Error : The password is invalid or the user does not have a password.
20241107 00:55:57 INFO  [main] base.BasePage BasePage.java535 - Alert accepted
20241107 00:55:57 INFO  [main] utility.FirebaseListenerUtility FirebaseListenerUtility.java42 - invalid_password_login ended with success......................
20241107 00:56:01 INFO  [main] base.BaseTest BaseTest.java61 - ****************tearDownAfterTestMethod*******************
20241107 00:56:01 INFO  [main] base.BaseTest BaseTest.java46 - *********************setUpBeforeMethod**************************
20241107 00:56:08 INFO  [main] base.BaseTest BaseTest.java88 - https://qa-tekarch.firebaseapp.com/is entered
20241107 00:56:13 INFO  [main] utility.FirebaseListenerUtility FirebaseListenerUtility.java36 - valid_login started..................
20241107 00:56:14 INFO  [main] base.BasePage BasePage.java303 - data is entered in the username filed
20241107 00:56:14 INFO  [main] base.BasePage BasePage.java303 - data is entered in the password filed
20241107 00:56:14 INFO  [main] base.BasePage BasePage.java316 - loginButton button is clicked
20241107 00:56:14 INFO  [main] base.BasePage BasePage.java622 - Element is not displayed.
20241107 00:56:14 INFO  [main] utility.FirebaseListenerUtility FirebaseListenerUtility.java42 - valid_login ended with success......................
20241107 00:56:17 INFO  [main] base.BaseTest BaseTest.java61 - ****************tearDownAfterTestMethod*******************
20241107 00:56:17 INFO  [main] utility.FirebaseListenerUtility FirebaseListenerUtility.java28 - FirebaseLoginTest ended.................
20241108 03:49:10 INFO  [main] stepDefinitions.FirebaseStepDefinition FirebaseStepDefinition.java57 - https://qa-tekarch.firebaseapp.com/is entered
20241108 03:49:24 INFO  [main] stepDefinitions.FirebaseStepDefinition FirebaseStepDefinition.java57 - https://qa-tekarch.firebaseapp.com/is entered
20241108 03:53:55 INFO  [main] stepDefinitions.FirebaseStepDefinition FirebaseStepDefinition.java57 - https://qa-tekarch.firebaseapp.com/is entered
20241108 03:54:15 INFO  [main] stepDefinitions.FirebaseStepDefinition FirebaseStepDefinition.java57 - https://qa-tekarch.firebaseapp.com/is entered
20241108 04:01:00 INFO  [main] utility.FirebaseListenerUtility FirebaseListenerUtility.java21 - Default test started...............
20241108 04:01:00 INFO  [main] utility.FirebaseListenerUtility FirebaseListenerUtility.java35 - invalid_password_login started..................
20241108 04:01:01 ERROR [main] utility.FirebaseListenerUtility FirebaseListenerUtility.java47 - invalid_password_login ended with failure.....................
20241108 04:01:01 INFO  [main] utility.FirebaseListenerUtility FirebaseListenerUtility.java35 - valid_login started..................
20241108 04:01:01 ERROR [main] utility.FirebaseListenerUtility FirebaseListenerUtility.java47 - valid_login ended with failure.....................
20241108 04:01:01 INFO  [main] utility.FirebaseListenerUtility FirebaseListenerUtility.java27 - Default test ended.................
20241108 04:54:08 INFO  [main] stepDefinitions.FirebaseStepDefinition FirebaseStepDefinition.java59 - https://qa-tekarch.firebaseapp.com/is entered
20241108 04:54:14 INFO  [main] base.BasePage BasePage.java303 - data is entered in the username filed
20241108 04:54:28 INFO  [main] stepDefinitions.FirebaseStepDefinition FirebaseStepDefinition.java59 - https://qa-tekarch.firebaseapp.com/is entered
20241108 04:54:33 INFO  [main] base.BasePage BasePage.java303 - data is entered in the username filed
20241108 04:56:55 INFO  [main] stepDefinitions.FirebaseStepDefinition FirebaseStepDefinition.java59 - https://qa-tekarch.firebaseapp.com/is entered
20241108 04:57:00 INFO  [main] base.BasePage BasePage.java303 - data is entered in the username filed
20241108 04:57:00 INFO  [main] base.BasePage BasePage.java303 - data is entered in the password filed
20241108 04:57:00 INFO  [main] base.BasePage BasePage.java316 - loginButton button is clicked
20241108 04:57:01 INFO  [main] base.BasePage BasePage.java622 - Element is not displayed.
20241108 04:57:13 INFO  [main] stepDefinitions.FirebaseStepDefinition FirebaseStepDefinition.java59 - https://qa-tekarch.firebaseapp.com/is entered
20241108 04:57:18 INFO  [main] base.BasePage BasePage.java303 - data is entered in the username filed
20241108 04:57:18 INFO  [main] base.BasePage BasePage.java303 - data is entered in the password filed
20241108 04:57:19 INFO  [main] base.BasePage BasePage.java316 - loginButton button is clicked
20241108 04:57:19 INFO  [main] base.BasePage BasePage.java642 - error loginalert boxwaiting for visibility for maximum of 30sec
20241108 04:57:19 INFO  [main] base.BasePage BasePage.java519 - switched to an alert
20241108 04:57:19 INFO  [main] base.BasePage BasePage.java525 - extracting text in the alert
20241108 04:57:19 ERROR [main] base.BasePage BasePage.java527 -  text extracted from alert box is == Error : The password is invalid or the user does not have a password.
20241108 04:57:19 INFO  [main] base.BasePage BasePage.java535 - Alert accepted
20241108 05:48:22 INFO  [main] stepDefinitions.FirebaseStepDefinition FirebaseStepDefinition.java59 - https://qa-tekarch.firebaseapp.com/is entered
20241108 05:48:28 INFO  [main] base.BasePage BasePage.java303 - data is entered in the username filed
20241108 05:48:28 INFO  [main] base.BasePage BasePage.java303 - data is entered in the password filed
20241108 05:48:28 INFO  [main] base.BasePage BasePage.java316 - loginButton button is clicked
20241108 05:48:28 INFO  [main] base.BasePage BasePage.java622 - Element is not displayed.
20241108 05:48:42 INFO  [main] stepDefinitions.FirebaseStepDefinition FirebaseStepDefinition.java59 - https://qa-tekarch.firebaseapp.com/is entered
20241108 05:48:47 INFO  [main] base.BasePage BasePage.java303 - data is entered in the username filed
20241108 05:48:47 INFO  [main] base.BasePage BasePage.java303 - data is entered in the password filed
20241108 05:48:47 INFO  [main] base.BasePage BasePage.java316 - loginButton button is clicked
20241108 05:48:47 INFO  [main] base.BasePage BasePage.java642 - error loginalert boxwaiting for visibility for maximum of 30sec
20241108 05:48:48 INFO  [main] base.BasePage BasePage.java519 - switched to an alert
20241108 05:48:48 INFO  [main] base.BasePage BasePage.java525 - extracting text in the alert
20241108 05:48:48 ERROR [main] base.BasePage BasePage.java527 -  text extracted from alert box is == Error : The password is invalid or the user does not have a password.
20241108 05:48:48 INFO  [main] base.BasePage BasePage.java535 - Alert accepted
20241108 05:51:55 INFO  [main] stepDefinitions.FirebaseStepDefinition FirebaseStepDefinition.java59 - https://qa-tekarch.firebaseapp.com/is entered
20241108 05:52:00 INFO  [main] base.BasePage BasePage.java303 - data is entered in the username filed
20241108 05:52:01 INFO  [main] base.BasePage BasePage.java303 - data is entered in the password filed
20241108 05:52:01 INFO  [main] base.BasePage BasePage.java316 - loginButton button is clicked
20241108 05:52:01 INFO  [main] base.BasePage BasePage.java622 - Element is not displayed.
20241108 05:52:12 INFO  [main] stepDefinitions.FirebaseStepDefinition FirebaseStepDefinition.java59 - https://qa-tekarch.firebaseapp.com/is entered
20241108 05:52:18 INFO  [main] base.BasePage BasePage.java303 - data is entered in the username filed
20241108 05:52:18 INFO  [main] base.BasePage BasePage.java303 - data is entered in the password filed
20241108 05:52:18 INFO  [main] base.BasePage BasePage.java316 - loginButton button is clicked
20241108 05:52:18 INFO  [main] base.BasePage BasePage.java642 - error loginalert boxwaiting for visibility for maximum of 30sec
20241108 05:52:18 INFO  [main] base.BasePage BasePage.java519 - switched to an alert
20241108 05:52:18 INFO  [main] base.BasePage BasePage.java525 - extracting text in the alert
20241108 05:52:18 ERROR [main] base.BasePage BasePage.java527 -  text extracted from alert box is == Error : The password is invalid or the user does not have a password.
20241108 05:52:18 INFO  [main] base.BasePage BasePage.java535 - Alert accepted
20241108 06:13:27 INFO  [main] stepDefinitions.FirebaseStepDefinition FirebaseStepDefinition.java59 - https://qa-tekarch.firebaseapp.com/is entered
20241108 06:13:32 INFO  [main] base.BasePage BasePage.java303 - data is entered in the username filed
20241108 06:13:33 INFO  [main] base.BasePage BasePage.java303 - data is entered in the password filed
20241108 06:13:33 INFO  [main] base.BasePage BasePage.java316 - loginButton button is clicked
20241108 06:13:33 INFO  [main] base.BasePage BasePage.java622 - Element is not displayed.
20241108 06:13:48 INFO  [main] stepDefinitions.FirebaseStepDefinition FirebaseStepDefinition.java59 - https://qa-tekarch.firebaseapp.com/is entered
20241108 06:13:53 INFO  [main] base.BasePage BasePage.java303 - data is entered in the username filed
20241108 06:13:54 INFO  [main] base.BasePage BasePage.java303 - data is entered in the password filed
20241108 06:13:54 INFO  [main] base.BasePage BasePage.java316 - loginButton button is clicked
20241108 06:13:54 INFO  [main] base.BasePage BasePage.java642 - error loginalert boxwaiting for visibility for maximum of 30sec
20241108 06:13:54 INFO  [main] base.BasePage BasePage.java519 - switched to an alert
20241108 06:13:54 INFO  [main] base.BasePage BasePage.java525 - extracting text in the alert
20241108 06:13:54 ERROR [main] base.BasePage BasePage.java527 -  text extracted from alert box is == Error : The password is invalid or the user does not have a password.
20241108 06:13:54 INFO  [main] base.BasePage BasePage.java535 - Alert accepted
20241108 06:16:31 INFO  [main] stepDefinitions.FirebaseStepDefinition FirebaseStepDefinition.java59 - https://qa-tekarch.firebaseapp.com/is entered
20241108 06:16:36 ERROR [main] base.BasePage BasePage.java307 - username filed textbox is not diplayed
20241108 06:16:37 INFO  [main] base.BasePage BasePage.java303 - data is entered in the password filed
20241108 06:16:37 INFO  [main] base.BasePage BasePage.java316 - loginButton button is clicked
20241108 06:16:37 ERROR [main] base.BasePage BasePage.java625 - Exception encountered: unexpected alert open: {Alert text : Error : The email address is badly formatted.}
  (Session info: chrome=130.0.6723.92): Error : The email address is badly formatted.
Build info: version: '3.141.59', revision: 'e82be7d358', time: '2018-11-14T08:17:03'
System info: host: 'LAPTOP-I7B9QOJ6', ip: '10.0.0.225', os.name: 'Windows 10', os.arch: 'amd64', os.version: '10.0', java.version: '22.0.2'
Driver info: org.openqa.selenium.chrome.ChromeDriver
Capabilities {acceptInsecureCerts: false, browserName: chrome, browserVersion: 130.0.6723.92, chrome: {chromedriverVersion: 130.0.6723.116 (6ac35f94ae3..., userDataDir: C:\Users\arasu\AppData\Loca...}, fedcm:accounts: true, goog:chromeOptions: {debuggerAddress: localhost:60099}, javascriptEnabled: true, networkConnectionEnabled: false, pageLoadStrategy: normal, platform: WINDOWS, platformName: WINDOWS, proxy: Proxy(), setWindowRect: true, strictFileInteractability: false, timeouts: {implicit: 0, pageLoad: 300000, script: 30000}, unhandledPromptBehavior: dismiss and notify, webauthn:extension:credBlob: true, webauthn:extension:largeBlob: true, webauthn:extension:minPinLength: true, webauthn:extension:prf: true, webauthn:virtualAuthenticators: true}
Session ID: cfc31a6d7abedc400873999429784850
*** Element info: {Using=tag name, value=h1}
20241108 06:16:48 INFO  [main] stepDefinitions.FirebaseStepDefinition FirebaseStepDefinition.java59 - https://qa-tekarch.firebaseapp.com/is entered
20241108 06:16:54 INFO  [main] base.BasePage BasePage.java303 - data is entered in the username filed
20241108 06:16:54 INFO  [main] base.BasePage BasePage.java303 - data is entered in the password filed
20241108 06:16:54 INFO  [main] base.BasePage BasePage.java316 - loginButton button is clicked
20241108 06:16:54 INFO  [main] base.BasePage BasePage.java642 - error loginalert boxwaiting for visibility for maximum of 30sec
20241108 06:16:55 INFO  [main] base.BasePage BasePage.java519 - switched to an alert
20241108 06:16:55 INFO  [main] base.BasePage BasePage.java525 - extracting text in the alert
20241108 06:16:55 ERROR [main] base.BasePage BasePage.java527 -  text extracted from alert box is == Error : The password is invalid or the user does not have a password.
20241108 06:16:55 INFO  [main] base.BasePage BasePage.java535 - Alert accepted
20241108 06:19:25 INFO  [main] stepDefinitions.FirebaseStepDefinition FirebaseStepDefinition.java59 - https://qa-tekarch.firebaseapp.com/is entered
20241108 06:19:30 INFO  [main] base.BasePage BasePage.java303 - data is entered in the username filed
20241108 06:19:31 INFO  [main] base.BasePage BasePage.java303 - data is entered in the password filed
20241108 06:19:31 INFO  [main] base.BasePage BasePage.java316 - loginButton button is clicked
20241108 06:19:31 INFO  [main] base.BasePage BasePage.java622 - Element is not displayed.
20241108 06:19:43 INFO  [main] stepDefinitions.FirebaseStepDefinition FirebaseStepDefinition.java59 - https://qa-tekarch.firebaseapp.com/is entered
20241108 06:19:49 INFO  [main] base.BasePage BasePage.java303 - data is entered in the username filed
20241108 06:19:49 INFO  [main] base.BasePage BasePage.java303 - data is entered in the password filed
20241108 06:19:49 INFO  [main] base.BasePage BasePage.java316 - loginButton button is clicked
20241108 06:19:49 INFO  [main] base.BasePage BasePage.java642 - error loginalert boxwaiting for visibility for maximum of 30sec
20241108 06:19:49 INFO  [main] base.BasePage BasePage.java519 - switched to an alert
20241108 06:19:49 INFO  [main] base.BasePage BasePage.java525 - extracting text in the alert
20241108 06:19:49 ERROR [main] base.BasePage BasePage.java527 -  text extracted from alert box is == Error : The password is invalid or the user does not have a password.
20241108 06:19:49 INFO  [main] base.BasePage BasePage.java535 - Alert accepted
20241108 06:37:42 INFO  [main] stepDefinitions.FirebaseStepDefinition FirebaseStepDefinition.java59 - https://qa-tekarch.firebaseapp.com/is entered
20241108 06:37:48 INFO  [main] base.BasePage BasePage.java303 - data is entered in the username filed
20241108 06:37:48 INFO  [main] base.BasePage BasePage.java303 - data is entered in the password filed
20241108 06:37:48 INFO  [main] base.BasePage BasePage.java316 - loginButton button is clicked
20241108 06:37:48 INFO  [main] base.BasePage BasePage.java622 - Element is not displayed.
20241108 06:38:00 INFO  [main] stepDefinitions.FirebaseStepDefinition FirebaseStepDefinition.java59 - https://qa-tekarch.firebaseapp.com/is entered
20241108 06:38:05 INFO  [main] base.BasePage BasePage.java303 - data is entered in the username filed
20241108 06:38:05 INFO  [main] base.BasePage BasePage.java303 - data is entered in the password filed
20241108 06:38:06 INFO  [main] base.BasePage BasePage.java316 - loginButton button is clicked
20241108 06:38:06 INFO  [main] base.BasePage BasePage.java642 - error loginalert boxwaiting for visibility for maximum of 30sec
20241108 06:38:06 INFO  [main] base.BasePage BasePage.java519 - switched to an alert
20241108 06:38:06 INFO  [main] base.BasePage BasePage.java525 - extracting text in the alert
20241108 06:38:06 ERROR [main] base.BasePage BasePage.java527 -  text extracted from alert box is == Error : The password is invalid or the user does not have a password.
20241108 06:38:06 INFO  [main] base.BasePage BasePage.java535 - Alert accepted
20241108 11:00:52 INFO  [main] stepDefinitions.FirebaseStepDefinition FirebaseStepDefinition.java59 - https://qa-tekarch.firebaseapp.com/is entered
20241108 11:00:57 INFO  [main] base.BasePage BasePage.java303 - data is entered in the username filed
20241108 11:00:58 INFO  [main] base.BasePage BasePage.java303 - data is entered in the password filed
20241108 11:00:58 INFO  [main] base.BasePage BasePage.java316 - loginButton button is clicked
20241108 11:00:58 INFO  [main] base.BasePage BasePage.java622 - Element is not displayed.
20241108 11:01:10 INFO  [main] stepDefinitions.FirebaseStepDefinition FirebaseStepDefinition.java59 - https://qa-tekarch.firebaseapp.com/is entered
20241108 11:01:15 INFO  [main] base.BasePage BasePage.java303 - data is entered in the username filed
20241108 11:01:15 INFO  [main] base.BasePage BasePage.java303 - data is entered in the password filed
20241108 11:01:15 INFO  [main] base.BasePage BasePage.java316 - loginButton button is clicked
20241108 11:01:15 INFO  [main] base.BasePage BasePage.java642 - error loginalert boxwaiting for visibility for maximum of 30sec
20241108 11:01:16 INFO  [main] base.BasePage BasePage.java519 - switched to an alert
20241108 11:01:16 INFO  [main] base.BasePage BasePage.java525 - extracting text in the alert
20241108 11:01:16 ERROR [main] base.BasePage BasePage.java527 -  text extracted from alert box is == Error : The password is invalid or the user does not have a password.
20241108 11:01:16 INFO  [main] base.BasePage BasePage.java535 - Alert accepted
20241108 13:09:18 INFO  [main] stepDefinitions.FirebaseStepDefinition FirebaseStepDefinition.java63 - https://qa-tekarch.firebaseapp.com/is entered
20241108 13:09:23 INFO  [main] base.BasePage BasePage.java303 - data is entered in the username filed
20241108 13:09:23 INFO  [main] base.BasePage BasePage.java303 - data is entered in the password filed
20241108 13:09:24 INFO  [main] base.BasePage BasePage.java316 - loginButton button is clicked
20241108 13:09:33 INFO  [main] stepDefinitions.FirebaseStepDefinition FirebaseStepDefinition.java63 - https://qa-tekarch.firebaseapp.com/is entered
20241108 13:09:38 INFO  [main] base.BasePage BasePage.java303 - data is entered in the username filed
20241108 13:09:38 INFO  [main] base.BasePage BasePage.java303 - data is entered in the password filed
20241108 13:09:39 INFO  [main] base.BasePage BasePage.java316 - loginButton button is clicked
20241108 13:09:39 INFO  [main] base.BasePage BasePage.java642 - error loginalert boxwaiting for visibility for maximum of 30sec
20241108 13:09:39 INFO  [main] base.BasePage BasePage.java519 - switched to an alert
20241108 13:09:39 INFO  [main] base.BasePage BasePage.java525 - extracting text in the alert
20241108 13:09:39 ERROR [main] base.BasePage BasePage.java527 -  text extracted from alert box is == Error : The password is invalid or the user does not have a password.
20241108 13:09:39 INFO  [main] base.BasePage BasePage.java535 - Alert accepted
20241108 13:15:54 INFO  [main] stepDefinitions.FirebaseStepDefinition FirebaseStepDefinition.java63 - https://qa-tekarch.firebaseapp.com/is entered
20241108 13:15:59 INFO  [main] base.BasePage BasePage.java303 - data is entered in the username filed
20241108 13:16:00 INFO  [main] base.BasePage BasePage.java303 - data is entered in the password filed
20241108 13:16:00 INFO  [main] base.BasePage BasePage.java316 - loginButton button is clicked
20241108 13:16:11 INFO  [main] stepDefinitions.FirebaseStepDefinition FirebaseStepDefinition.java63 - https://qa-tekarch.firebaseapp.com/is entered
20241108 13:16:16 INFO  [main] base.BasePage BasePage.java303 - data is entered in the username filed
20241108 13:16:17 INFO  [main] base.BasePage BasePage.java303 - data is entered in the password filed
20241108 13:16:17 INFO  [main] base.BasePage BasePage.java316 - loginButton button is clicked
20241108 13:16:17 INFO  [main] base.BasePage BasePage.java642 - error loginalert boxwaiting for visibility for maximum of 30sec
20241108 13:16:17 INFO  [main] base.BasePage BasePage.java519 - switched to an alert
20241108 13:16:17 INFO  [main] base.BasePage BasePage.java525 - extracting text in the alert
20241108 13:16:17 ERROR [main] base.BasePage BasePage.java527 -  text extracted from alert box is == Error : The password is invalid or the user does not have a password.
20241108 13:16:17 INFO  [main] base.BasePage BasePage.java535 - Alert accepted
20241108 18:53:16 INFO  [main] stepDefinitions.FirebaseStepDefinition FirebaseStepDefinition.java63 - https://qa-tekarch.firebaseapp.com/is entered
20241108 18:53:22 INFO  [main] base.BasePage BasePage.java303 - data is entered in the username filed
20241108 18:53:22 INFO  [main] base.BasePage BasePage.java303 - data is entered in the password filed
20241108 18:53:22 INFO  [main] base.BasePage BasePage.java316 - loginButton button is clicked
20241108 18:53:33 INFO  [main] stepDefinitions.FirebaseStepDefinition FirebaseStepDefinition.java63 - https://qa-tekarch.firebaseapp.com/is entered
20241108 18:53:39 INFO  [main] base.BasePage BasePage.java303 - data is entered in the username filed
20241108 18:53:39 INFO  [main] base.BasePage BasePage.java303 - data is entered in the password filed
20241108 18:53:39 INFO  [main] base.BasePage BasePage.java316 - loginButton button is clicked
20241108 18:53:39 INFO  [main] base.BasePage BasePage.java642 - error loginalert boxwaiting for visibility for maximum of 30sec
20241108 18:53:39 INFO  [main] base.BasePage BasePage.java519 - switched to an alert
20241108 18:53:39 INFO  [main] base.BasePage BasePage.java525 - extracting text in the alert
20241108 18:53:39 ERROR [main] base.BasePage BasePage.java527 -  text extracted from alert box is == Error : The password is invalid or the user does not have a password.
20241108 18:53:39 INFO  [main] base.BasePage BasePage.java535 - Alert accepted
